<?xml version="1.0" encoding="UTF-8"?>
<!-- Generated by org.testng.reporters.JUnitReportReporter -->
<testsuite hostname="MacBookPro.lan" failures="0" tests="3" name="runner.TestNGTestRunner" time="0.354" errors="3" timestamp="2025-09-23T22:26:21 IST" skipped="0">
  <testcase classname="runner.TestNGTestRunner" name="runScenario" time="0.118">
    <error message="Cannot invoke &quot;org.openqa.selenium.WebDriver.findElement(org.openqa.selenium.By)&quot; because &quot;this.driver&quot; is null" type="java.lang.NullPointerException">
      <![CDATA[java.lang.NullPointerException: Cannot invoke "org.openqa.selenium.WebDriver.findElement(org.openqa.selenium.By)" because "this.driver" is null
at pages.LoginPage.verifyOnloginPage(LoginPage.java:31)
at Steps.LoginSteps.i_am_on_the_login_page(LoginSteps.java:30)
at ✽.I am on the login page(file:///Users/sidhalingesh/Documents/TestPracticeBDDFramework/TestFrameworkWithDesignPatteren/src/test/resources/features/Login.feature:5)
]]>
    </error>
  </testcase> <!-- runScenario -->
  <testcase classname="runner.TestNGTestRunner" name="runScenario" time="0.118">
    <error message="Cannot invoke &quot;org.openqa.selenium.WebDriver.findElement(org.openqa.selenium.By)&quot; because &quot;this.driver&quot; is null" type="java.lang.NullPointerException">
      <![CDATA[java.lang.NullPointerException: Cannot invoke "org.openqa.selenium.WebDriver.findElement(org.openqa.selenium.By)" because "this.driver" is null
at pages.LoginPage.verifyOnloginPage(LoginPage.java:31)
at Steps.LoginSteps.i_am_on_the_login_page(LoginSteps.java:30)
at ✽.I am on the login page(file:///Users/sidhalingesh/Documents/TestPracticeBDDFramework/TestFrameworkWithDesignPatteren/src/test/resources/features/Login.feature:5)
]]>
    </error>
  </testcase> <!-- runScenario -->
  <testcase classname="runner.TestNGTestRunner" name="runScenario" time="0.118">
    <error message="Cannot invoke &quot;org.openqa.selenium.WebDriver.findElement(org.openqa.selenium.By)&quot; because &quot;this.driver&quot; is null" type="java.lang.NullPointerException">
      <![CDATA[java.lang.NullPointerException: Cannot invoke "org.openqa.selenium.WebDriver.findElement(org.openqa.selenium.By)" because "this.driver" is null
at pages.LoginPage.verifyOnloginPage(LoginPage.java:31)
at Steps.LoginSteps.i_am_on_the_login_page(LoginSteps.java:30)
at ✽.I am on the login page(file:///Users/sidhalingesh/Documents/TestPracticeBDDFramework/TestFrameworkWithDesignPatteren/src/test/resources/features/Login.feature:5)
]]>
    </error>
  </testcase> <!-- runScenario -->
</testsuite> <!-- runner.TestNGTestRunner -->
